<?xml version="1.0" encoding="UTF-8"?>
<!-- Generated by org.testng.reporters.JUnitXMLReporter -->
<testsuite ignored="2" hostname="EC2AMAZ-8K1VTOL" failures="0" tests="1" name="TestingYaml" time="10.197" errors="0" timestamp="2022-08-25T23:43:28 GMT">
  <testcase classname="test.LoginValidation" name="validUsernameValidPassword" time="0.446"/>
  <testcase classname="test.BaseTest" name="@BeforeTest beforeTest" time="0.0">
    <ignored/>
  </testcase> <!-- @BeforeTest beforeTest -->
  <testcase classname="test.BaseTest" name="@AfterTest afterTest" time="0.0">
    <ignored/>
  </testcase> <!-- @AfterTest afterTest -->
</testsuite> <!-- TestingYaml -->
